{"C:\\Users\\Song\\Desktop\\urpiano\\src\\client\\Components\\PianoConfig\\PianoConfig.js": {"path":"C:\\Users\\Song\\Desktop\\urpiano\\src\\client\\Components\\PianoConfig\\PianoConfig.js","statementMap":{"0":{"start":{"line":9,"column":4},"end":{"line":9,"column":17}},"1":{"start":{"line":11,"column":4},"end":{"line":11,"column":55}},"2":{"start":{"line":12,"column":4},"end":{"line":12,"column":57}},"3":{"start":{"line":13,"column":4},"end":{"line":13,"column":59}},"4":{"start":{"line":14,"column":4},"end":{"line":14,"column":61}},"5":{"start":{"line":15,"column":4},"end":{"line":15,"column":73}},"6":{"start":{"line":16,"column":4},"end":{"line":16,"column":75}},"7":{"start":{"line":25,"column":4},"end":{"line":25,"column":59}},"8":{"start":{"line":29,"column":4},"end":{"line":29,"column":62}},"9":{"start":{"line":33,"column":50},"end":{"line":33,"column":60}},"10":{"start":{"line":34,"column":29},"end":{"line":34,"column":65}},"11":{"start":{"line":35,"column":22},"end":{"line":35,"column":23}},"12":{"start":{"line":36,"column":22},"end":{"line":36,"column":43}},"13":{"start":{"line":38,"column":4},"end":{"line":46,"column":5}},"14":{"start":{"line":39,"column":28},"end":{"line":39,"column":54}},"15":{"start":{"line":41,"column":6},"end":{"line":45,"column":7}},"16":{"start":{"line":42,"column":8},"end":{"line":44,"column":11}},"17":{"start":{"line":48,"column":4},"end":{"line":56,"column":5}},"18":{"start":{"line":49,"column":30},"end":{"line":49,"column":56}},"19":{"start":{"line":51,"column":6},"end":{"line":55,"column":7}},"20":{"start":{"line":52,"column":8},"end":{"line":54,"column":11}},"21":{"start":{"line":60,"column":4},"end":{"line":62,"column":7}},"22":{"start":{"line":61,"column":6},"end":{"line":61,"column":57}},"23":{"start":{"line":66,"column":21},"end":{"line":66,"column":46}},"24":{"start":{"line":68,"column":4},"end":{"line":74,"column":7}},"25":{"start":{"line":69,"column":6},"end":{"line":73,"column":8}},"26":{"start":{"line":78,"column":22},"end":{"line":78,"column":48}},"27":{"start":{"line":80,"column":4},"end":{"line":86,"column":7}},"28":{"start":{"line":81,"column":6},"end":{"line":85,"column":8}},"29":{"start":{"line":90,"column":27},"end":{"line":90,"column":41}},"30":{"start":{"line":92,"column":4},"end":{"line":94,"column":7}},"31":{"start":{"line":98,"column":26},"end":{"line":98,"column":36}},"32":{"start":{"line":99,"column":22},"end":{"line":99,"column":46}},"33":{"start":{"line":101,"column":4},"end":{"line":106,"column":7}},"34":{"start":{"line":110,"column":26},"end":{"line":110,"column":36}},"35":{"start":{"line":111,"column":21},"end":{"line":111,"column":45}},"36":{"start":{"line":113,"column":4},"end":{"line":118,"column":7}},"37":{"start":{"line":122,"column":42},"end":{"line":122,"column":52}},"38":{"start":{"line":123,"column":22},"end":{"line":123,"column":37}},"39":{"start":{"line":124,"column":21},"end":{"line":124,"column":35}},"40":{"start":{"line":126,"column":4},"end":{"line":149,"column":6}},"41":{"start":{"line":155,"column":0},"end":{"line":160,"column":2}}},"fnMap":{"0":{"name":"(anonymous_0)","decl":{"start":{"line":8,"column":2},"end":{"line":8,"column":3}},"loc":{"start":{"line":8,"column":21},"end":{"line":17,"column":3}},"line":8},"1":{"name":"(anonymous_1)","decl":{"start":{"line":20,"column":15},"end":{"line":20,"column":16}},"loc":{"start":{"line":20,"column":21},"end":{"line":20,"column":23}},"line":20},"2":{"name":"(anonymous_2)","decl":{"start":{"line":24,"column":2},"end":{"line":24,"column":3}},"loc":{"start":{"line":24,"column":22},"end":{"line":26,"column":3}},"line":24},"3":{"name":"(anonymous_3)","decl":{"start":{"line":28,"column":2},"end":{"line":28,"column":3}},"loc":{"start":{"line":28,"column":25},"end":{"line":30,"column":3}},"line":28},"4":{"name":"(anonymous_4)","decl":{"start":{"line":32,"column":2},"end":{"line":32,"column":3}},"loc":{"start":{"line":32,"column":19},"end":{"line":57,"column":3}},"line":32},"5":{"name":"(anonymous_5)","decl":{"start":{"line":59,"column":2},"end":{"line":59,"column":3}},"loc":{"start":{"line":59,"column":28},"end":{"line":63,"column":3}},"line":59},"6":{"name":"(anonymous_6)","decl":{"start":{"line":60,"column":27},"end":{"line":60,"column":28}},"loc":{"start":{"line":60,"column":50},"end":{"line":62,"column":5}},"line":60},"7":{"name":"(anonymous_7)","decl":{"start":{"line":65,"column":2},"end":{"line":65,"column":3}},"loc":{"start":{"line":65,"column":27},"end":{"line":75,"column":3}},"line":65},"8":{"name":"(anonymous_8)","decl":{"start":{"line":68,"column":48},"end":{"line":68,"column":49}},"loc":{"start":{"line":68,"column":58},"end":{"line":74,"column":5}},"line":68},"9":{"name":"(anonymous_9)","decl":{"start":{"line":77,"column":2},"end":{"line":77,"column":3}},"loc":{"start":{"line":77,"column":26},"end":{"line":87,"column":3}},"line":77},"10":{"name":"(anonymous_10)","decl":{"start":{"line":80,"column":48},"end":{"line":80,"column":49}},"loc":{"start":{"line":80,"column":58},"end":{"line":86,"column":5}},"line":80},"11":{"name":"(anonymous_11)","decl":{"start":{"line":89,"column":2},"end":{"line":89,"column":3}},"loc":{"start":{"line":89,"column":22},"end":{"line":95,"column":3}},"line":89},"12":{"name":"(anonymous_12)","decl":{"start":{"line":97,"column":2},"end":{"line":97,"column":3}},"loc":{"start":{"line":97,"column":21},"end":{"line":107,"column":3}},"line":97},"13":{"name":"(anonymous_13)","decl":{"start":{"line":109,"column":2},"end":{"line":109,"column":3}},"loc":{"start":{"line":109,"column":20},"end":{"line":119,"column":3}},"line":109},"14":{"name":"(anonymous_14)","decl":{"start":{"line":121,"column":2},"end":{"line":121,"column":3}},"loc":{"start":{"line":121,"column":11},"end":{"line":150,"column":3}},"line":121}},"branchMap":{"0":{"loc":{"start":{"line":38,"column":4},"end":{"line":46,"column":5}},"type":"if","locations":[{"start":{"line":38,"column":4},"end":{"line":46,"column":5}},{"start":{"line":38,"column":4},"end":{"line":46,"column":5}}],"line":38},"1":{"loc":{"start":{"line":41,"column":6},"end":{"line":45,"column":7}},"type":"if","locations":[{"start":{"line":41,"column":6},"end":{"line":45,"column":7}},{"start":{"line":41,"column":6},"end":{"line":45,"column":7}}],"line":41},"2":{"loc":{"start":{"line":48,"column":4},"end":{"line":56,"column":5}},"type":"if","locations":[{"start":{"line":48,"column":4},"end":{"line":56,"column":5}},{"start":{"line":48,"column":4},"end":{"line":56,"column":5}}],"line":48},"3":{"loc":{"start":{"line":51,"column":6},"end":{"line":55,"column":7}},"type":"if","locations":[{"start":{"line":51,"column":6},"end":{"line":55,"column":7}},{"start":{"line":51,"column":6},"end":{"line":55,"column":7}}],"line":51}},"s":{"0":2,"1":2,"2":2,"3":2,"4":2,"5":2,"6":2,"7":2,"8":0,"9":0,"10":0,"11":0,"12":0,"13":0,"14":0,"15":0,"16":0,"17":0,"18":0,"19":0,"20":0,"21":2,"22":256,"23":2,"24":2,"25":136,"26":2,"27":2,"28":136,"29":0,"30":0,"31":0,"32":0,"33":0,"34":0,"35":0,"36":0,"37":2,"38":2,"39":2,"40":2,"41":1},"f":{"0":2,"1":0,"2":2,"3":0,"4":0,"5":2,"6":256,"7":2,"8":136,"9":2,"10":136,"11":0,"12":0,"13":0,"14":2},"b":{"0":[0,0],"1":[0,0],"2":[0,0],"3":[0,0]},"_coverageSchema":"43e27e138ebf9cfc5966b082cf9a028302ed4184","hash":"7eef1c5d77cf4cb03f4a4db5d012458b90b1ba3b"}
}
