TN:
SF:C:\Users\Song\Desktop\urpiano\src\client\Components\PianoConfig\PianoConfig.js
FN:8,(anonymous_0)
FN:20,(anonymous_1)
FN:24,(anonymous_2)
FN:28,(anonymous_3)
FN:32,(anonymous_4)
FN:59,(anonymous_5)
FN:60,(anonymous_6)
FN:65,(anonymous_7)
FN:68,(anonymous_8)
FN:77,(anonymous_9)
FN:80,(anonymous_10)
FN:89,(anonymous_11)
FN:97,(anonymous_12)
FN:109,(anonymous_13)
FN:121,(anonymous_14)
FNF:15
FNH:9
FNDA:2,(anonymous_0)
FNDA:0,(anonymous_1)
FNDA:2,(anonymous_2)
FNDA:0,(anonymous_3)
FNDA:0,(anonymous_4)
FNDA:2,(anonymous_5)
FNDA:256,(anonymous_6)
FNDA:2,(anonymous_7)
FNDA:136,(anonymous_8)
FNDA:2,(anonymous_9)
FNDA:136,(anonymous_10)
FNDA:0,(anonymous_11)
FNDA:0,(anonymous_12)
FNDA:0,(anonymous_13)
FNDA:2,(anonymous_14)
DA:9,2
DA:11,2
DA:12,2
DA:13,2
DA:14,2
DA:15,2
DA:16,2
DA:25,2
DA:29,0
DA:33,0
DA:34,0
DA:35,0
DA:36,0
DA:38,0
DA:39,0
DA:41,0
DA:42,0
DA:48,0
DA:49,0
DA:51,0
DA:52,0
DA:60,2
DA:61,256
DA:66,2
DA:68,2
DA:69,136
DA:78,2
DA:80,2
DA:81,136
DA:90,0
DA:92,0
DA:98,0
DA:99,0
DA:101,0
DA:110,0
DA:111,0
DA:113,0
DA:122,2
DA:123,2
DA:124,2
DA:126,2
DA:155,1
LF:42
LH:21
BRDA:38,0,0,0
BRDA:38,0,1,0
BRDA:41,1,0,0
BRDA:41,1,1,0
BRDA:48,2,0,0
BRDA:48,2,1,0
BRDA:51,3,0,0
BRDA:51,3,1,0
BRF:8
BRH:0
end_of_record
